                                 Started job on |	Jul 15 13:36:19
                             Started mapping on |	Jul 15 13:36:38
                                    Finished on |	Jul 15 14:22:22
       Mapping speed, Million of reads per hour |	28.84

                          Number of input reads |	21980257
                      Average input read length |	300
                                    UNIQUE READS:
                   Uniquely mapped reads number |	19965007
                        Uniquely mapped reads % |	90.83%
                          Average mapped length |	298.00
                       Number of splices: Total |	19401853
            Number of splices: Annotated (sjdb) |	19192001
                       Number of splices: GT/AG |	19206909
                       Number of splices: GC/AG |	148096
                       Number of splices: AT/AC |	20794
               Number of splices: Non-canonical |	26054
                      Mismatch rate per base, % |	0.20%
                         Deletion rate per base |	0.01%
                        Deletion average length |	1.88
                        Insertion rate per base |	0.01%
                       Insertion average length |	1.57
                             MULTI-MAPPING READS:
        Number of reads mapped to multiple loci |	1419168
             % of reads mapped to multiple loci |	6.46%
        Number of reads mapped to too many loci |	9686
             % of reads mapped to too many loci |	0.04%
                                  UNMAPPED READS:
  Number of reads unmapped: too many mismatches |	0
       % of reads unmapped: too many mismatches |	0.00%
            Number of reads unmapped: too short |	572526
                 % of reads unmapped: too short |	2.60%
                Number of reads unmapped: other |	13870
                     % of reads unmapped: other |	0.06%
                                  CHIMERIC READS:
                       Number of chimeric reads |	0
                            % of chimeric reads |	0.00%
